This is pdfTeX, Version 3.141592653-2.6-1.40.22 (TeX Live 2022/dev/Debian) (preloaded format=pdflatex 2023.2.18)  18 FEB 2023 15:47
entering extended mode
 restricted \write18 enabled.
 file:line:error style messages enabled.
 %&-line parsing enabled.
**main.tex
(./main.tex
LaTeX2e <2021-11-15> patch level 1
L3 programming layer <2022-01-21> (./fiuna.cls
Document Class: fiuna 02/04/2015 clase personalizada para libro de tesis FIUNA por Sergio Toledo
(/usr/share/texlive/texmf-dist/tex/latex/base/size12.clo
File: size12.clo 2021/10/04 v1.4n Standard LaTeX file (size option)
)
\c@part=\count185
\c@chapter=\count186
\c@section=\count187
\c@subsection=\count188
\c@subsubsection=\count189
\c@paragraph=\count190
\c@subparagraph=\count191
\c@figure=\count192
\c@table=\count193
\abovecaptionskip=\skip47
\belowcaptionskip=\skip48
\bibindent=\dimen138
) (./fiuna.sty (/usr/share/texlive/texmf-dist/tex/latex/cite/cite.sty
LaTeX Info: Redefining \cite on input line 302.
LaTeX Info: Redefining \nocite on input line 332.
Package: cite 2015/02/27  v 5.5
) (/usr/share/texlive/texmf-dist/tex/latex/float/float.sty
Package: float 2001/11/08 v1.3d Float enhancements (AL)
\c@float@type=\count194
\float@exts=\toks16
\float@box=\box50
\@float@everytoks=\toks17
\@floatcapt=\box51
) (/usr/share/texlive/texmf-dist/tex/latex/graphics/graphicx.sty
Package: graphicx 2021/09/16 v1.2d Enhanced LaTeX Graphics (DPC,SPQR)
 (/usr/share/texlive/texmf-dist/tex/latex/graphics/keyval.sty
Package: keyval 2014/10/28 v1.15 key=value parser (DPC)
\KV@toks@=\toks18
) (/usr/share/texlive/texmf-dist/tex/latex/graphics/graphics.sty
Package: graphics 2021/03/04 v1.4d Standard LaTeX Graphics (DPC,SPQR)
 (/usr/share/texlive/texmf-dist/tex/latex/graphics/trig.sty
Package: trig 2021/08/11 v1.11 sin cos tan (DPC)
) (/usr/share/texlive/texmf-dist/tex/latex/graphics-cfg/graphics.cfg
File: graphics.cfg 2016/06/04 v1.11 sample graphics configuration
)
Package graphics Info: Driver file: pdftex.def on input line 107.
 (/usr/share/texlive/texmf-dist/tex/latex/graphics-def/pdftex.def
File: pdftex.def 2020/10/05 v1.2a Graphics/color driver for pdftex
))
\Gin@req@height=\dimen139
\Gin@req@width=\dimen140
) (/usr/share/texlive/texmf-dist/tex/latex/base/fontenc.sty
Package: fontenc 2021/04/29 v2.0v Standard LaTeX package
LaTeX Font Info:    Trying to load font information for T1+phv on input line 112.
 (/usr/share/texlive/texmf-dist/tex/latex/psnfss/t1phv.fd
File: t1phv.fd 2020/03/25 scalable font definitions for T1/phv.
)) (/usr/share/texlive/texmf-dist/tex/generic/babel/babel.sty
Package: babel 2022/01/26 3.70 The Babel package
\babel@savecnt=\count195
\U@D=\dimen141
\l@unhyphenated=\language6
 (/usr/share/texlive/texmf-dist/tex/generic/babel/txtbabel.def)
\bbl@readstream=\read2
\bbl@dirlevel=\count196
 (/usr/share/texlive/texmf-dist/tex/generic/babel-spanish/spanish.ldf
Language: spanish.ldf 2021/05/27 v5.0q Spanish support from the babel system
\es@quottoks=\toks19
\es@quotdepth=\count197
Package babel Info: Making " an active character on input line 570.
Package babel Info: Making . an active character on input line 675.
Package babel Info: Making < an active character on input line 722.
Package babel Info: Making > an active character on input line 722.
)) (/usr/share/texlive/texmf-dist/tex/latex/caption/caption.sty
Package: caption 2020/10/26 v3.5g Customizing captions (AR)
 (/usr/share/texlive/texmf-dist/tex/latex/caption/caption3.sty
Package: caption3 2020/10/21 v2.2e caption3 kernel (AR)
\captionmargin=\dimen142
\captionmargin@=\dimen143
\captionwidth=\dimen144
\caption@tempdima=\dimen145
\caption@indent=\dimen146
\caption@parindent=\dimen147
\caption@hangindent=\dimen148
Package caption Info: Standard document class detected.
)
\c@caption@flags=\count198
\c@continuedfloat=\count199
Package caption Info: float package is loaded.
) (/usr/share/texlive/texmf-dist/tex/latex/booktabs/booktabs.sty
Package: booktabs 2020/01/12 v1.61803398 Publication quality tables
\heavyrulewidth=\dimen149
\lightrulewidth=\dimen150
\cmidrulewidth=\dimen151
\belowrulesep=\dimen152
\belowbottomsep=\dimen153
\aboverulesep=\dimen154
\abovetopsep=\dimen155
\cmidrulesep=\dimen156
\cmidrulekern=\dimen157
\defaultaddspace=\dimen158
\@cmidla=\count266
\@cmidlb=\count267
\@aboverulesep=\dimen159
\@belowrulesep=\dimen160
\@thisruleclass=\count268
\@lastruleclass=\count269
\@thisrulewidth=\dimen161
) (/usr/share/texlive/texmf-dist/tex/latex/parskip/parskip.sty
Package: parskip 2021-03-14 v2.0h non-zero parskip adjustments
 (/usr/share/texlive/texmf-dist/tex/latex/kvoptions/kvoptions.sty
Package: kvoptions 2020-10-07 v3.14 Key value format for package options (HO)
 (/usr/share/texlive/texmf-dist/tex/generic/ltxcmds/ltxcmds.sty
Package: ltxcmds 2020-05-10 v1.25 LaTeX kernel commands for general use (HO)
) (/usr/share/texlive/texmf-dist/tex/generic/kvsetkeys/kvsetkeys.sty
Package: kvsetkeys 2019/12/15 v1.18 Key value parser (HO)
)) (/usr/share/texlive/texmf-dist/tex/latex/etoolbox/etoolbox.sty
Package: etoolbox 2020/10/05 v2.5k e-TeX tools for LaTeX (JAW)
\etb@tempcnta=\count270
)) (/usr/share/texlive/texmf-dist/tex/latex/multirow/multirow.sty
Package: multirow 2021/03/15 v2.8 Span multiple rows of a table
\multirow@colwidth=\skip49
\multirow@cntb=\count271
\multirow@dima=\skip50
\bigstrutjot=\dimen162
) (/usr/share/texlive/texmf-dist/tex/latex/setspace/setspace.sty
Package: setspace 2011/12/19 v6.7a set line spacing
) (/usr/share/texlive/texmf-dist/tex/latex/fancyhdr/fancyhdr.sty
Package: fancyhdr 2021/01/28 v4.0.1 Extensive control of page headers and footers
\f@nch@headwidth=\skip51
\f@nch@O@elh=\skip52
\f@nch@O@erh=\skip53
\f@nch@O@olh=\skip54
\f@nch@O@orh=\skip55
\f@nch@O@elf=\skip56
\f@nch@O@erf=\skip57
\f@nch@O@olf=\skip58
\f@nch@O@orf=\skip59
) (/usr/share/texlive/texmf-dist/tex/latex/base/inputenc.sty
Package: inputenc 2021/02/14 v1.3d Input encoding file
\inpenc@prehook=\toks20
\inpenc@posthook=\toks21
)
\c@dal@autornum=\count272
\c@dal@asesornum=\count273
 (/usr/share/texlive/texmf-dist/tex/latex/appendix/appendix.sty
Package: appendix 2020/02/08 v1.2c extra appendix facilities
\c@@pps=\count274
\c@@ppsavesec=\count275
\c@@ppsaveapp=\count276
) (/usr/share/texlive/texmf-dist/tex/latex/titlesec/titlesec.sty
Package: titlesec 2021/07/05 v2.14 Sectioning titles
\ttl@box=\box52
\beforetitleunit=\skip60
\aftertitleunit=\skip61
\ttl@plus=\dimen163
\ttl@minus=\dimen164
\ttl@toksa=\toks22
\titlewidth=\dimen165
\titlewidthlast=\dimen166
\titlewidthfirst=\dimen167
)) (/usr/share/texlive/texmf-dist/tex/latex/l3backend/l3backend-pdftex.def
File: l3backend-pdftex.def 2022-01-12 L3 backend support: PDF output (pdfTeX)
\l__color_backend_stack_int=\count277
\l__pdf_internal_box=\box53
) (./main.aux
LaTeX Info: Redefining \. on input line 8.
LaTeX Info: Redefining \% on input line 8.


LaTeX Warning: Label `fig:RNN' multiply defined.


LaTeX Warning: Label `fig:RNN' multiply defined.


LaTeX Warning: Label `fig:Arquitectura' multiply defined.


LaTeX Warning: Label `fig:regex-extractor' multiply defined.

)
\openout1 = `main.aux'.

LaTeX Font Info:    Checking defaults for OML/cmm/m/it on input line 17.
LaTeX Font Info:    ... okay on input line 17.
LaTeX Font Info:    Checking defaults for OMS/cmsy/m/n on input line 17.
LaTeX Font Info:    ... okay on input line 17.
LaTeX Font Info:    Checking defaults for OT1/cmr/m/n on input line 17.
LaTeX Font Info:    ... okay on input line 17.
LaTeX Font Info:    Checking defaults for T1/cmr/m/n on input line 17.
LaTeX Font Info:    ... okay on input line 17.
LaTeX Font Info:    Checking defaults for TS1/cmr/m/n on input line 17.
LaTeX Font Info:    ... okay on input line 17.
LaTeX Font Info:    Checking defaults for OMX/cmex/m/n on input line 17.
LaTeX Font Info:    ... okay on input line 17.
LaTeX Font Info:    Checking defaults for U/cmr/m/n on input line 17.
LaTeX Font Info:    ... okay on input line 17.
 (/usr/share/texlive/texmf-dist/tex/context/base/mkii/supp-pdf.mkii
[Loading MPS to PDF converter (version 2006.09.02).]
\scratchcounter=\count278
\scratchdimen=\dimen168
\scratchbox=\box54
\nofMPsegments=\count279
\nofMParguments=\count280
\everyMPshowfont=\toks23
\MPscratchCnt=\count281
\MPscratchDim=\dimen169
\MPnumerator=\count282
\makeMPintoPDFobject=\count283
\everyMPtoPDFconversion=\toks24
) (/usr/share/texlive/texmf-dist/tex/latex/epstopdf-pkg/epstopdf-base.sty
Package: epstopdf-base 2020-01-24 v2.11 Base part for package epstopdf
Package epstopdf-base Info: Redefining graphics rule for `.eps' on input line 485.
 (/usr/share/texlive/texmf-dist/tex/latex/latexconfig/epstopdf-sys.cfg
File: epstopdf-sys.cfg 2010/07/13 v1.3 Configuration of (r)epstopdf for TeX Live
))
LaTeX Info: Redefining \. on input line 17.
LaTeX Info: Redefining \% on input line 17.
Package caption Info: Begin \AtBeginDocument code.
Package caption Info: End \AtBeginDocument code.

Couldn't patch \ttl@straight@ii
Couldn't patch \ttl@straight@ii
<imagenes///escudouna.pdf, id=1, 301.125pt x 305.14pt>
File: imagenes///escudouna.pdf Graphic file (type pdf)
<use imagenes///escudouna.pdf>
Package pdftex.def Info: imagenes///escudouna.pdf  used on input line 37.
(pdftex.def)             Requested size: 142.26852pt x 142.26576pt.
[1

{/var/lib/texmf/fonts/map/pdftex/updmap/pdftex.map} <./imagenes///escudouna.pdf>] (./consejo.tex) [2] [3]
LaTeX Font Info:    Font shape `T1/phv/m/it' in size <12> not available
(Font)              Font shape `T1/phv/m/sl' tried instead on input line 37.
 [4] (./agradecimientos.tex) [5

] (./main.toc
LaTeX Info: Redefining \. on input line 1.
LaTeX Info: Redefining \% on input line 1.
LaTeX Font Info:    External font `cmex10' loaded for size
(Font)              <12> on input line 3.
LaTeX Font Info:    External font `cmex10' loaded for size
(Font)              <8> on input line 3.
LaTeX Font Info:    External font `cmex10' loaded for size
(Font)              <6> on input line 3.

Overfull \hbox (8.16946pt too wide) in paragraph at lines 11--11
 [][] []\T1/phv/m/n/12 Métodos ba-sa-dos en Apren-di-za-je Au-to-má-ti-co (Ma-chi-ne Lear- 
 []

[1

])
\tf@toc=\write3
\openout3 = `main.toc'.

 [2] (./main.lof
LaTeX Info: Redefining \. on input line 1.
LaTeX Info: Redefining \% on input line 1.
)
\tf@lof=\write4
\openout4 = `main.lof'.

 [3

] (./main.lot
LaTeX Info: Redefining \. on input line 1.
LaTeX Info: Redefining \% on input line 1.
)
\tf@lot=\write5
\openout5 = `main.lot'.

 [4

] (./main.loa)
\tf@loa=\write6
\openout6 = `main.loa'.

 (./capitulo01.tex [5

]
CAP\'ITULO 1.
[6

]) (./capitulo02.tex [7]
CAP\'ITULO 2.
[8

]
<imagenes/Cap 2/lenguaje.drawio.png, id=50, 405.515pt x 332.24126pt>
File: imagenes/Cap 2/lenguaje.drawio.png Graphic file (type png)
<use imagenes/Cap 2/lenguaje.drawio.png>
Package pdftex.def Info: imagenes/Cap 2/lenguaje.drawio.png  used on input line 27.
(pdftex.def)             Requested size: 426.79134pt x 349.68488pt.
 [9]
LaTeX Font Info:    Trying to load font information for T1+cmtt on input line 44.
 (/usr/share/texlive/texmf-dist/tex/latex/base/t1cmtt.fd
File: t1cmtt.fd 2019/12/16 v2.5j Standard LaTeX font definitions
)
Overfull \hbox (13.91443pt too wide) in paragraph at lines 36--50
\T1/phv/m/n/12 tex-to co-mo [][]\T1/cmtt/m/n/12 ^([a-zA-Z0-9_\-\.]+)@([a-zA-Z0-9_\-\.]+)\.([a-zA-Z]{2,5})$ []\T1/phv/m/n/12 que
 []

[10 <./imagenes/Cap 2/lenguaje.drawio.png>] [11]
<imagenes/Cap 2/rnn.png, id=63, 935.495pt x 259.97125pt>
File: imagenes/Cap 2/rnn.png Graphic file (type png)
<use imagenes/Cap 2/rnn.png>
Package pdftex.def Info: imagenes/Cap 2/rnn.png  used on input line 74.
(pdftex.def)             Requested size: 426.79134pt x 118.60445pt.


LaTeX Warning: `h' float specifier changed to `ht'.

[12]
<imagenes/Cap 2/cnn.png, id=67, 728.7225pt x 730.73pt>
File: imagenes/Cap 2/cnn.png Graphic file (type png)
<use imagenes/Cap 2/cnn.png>
Package pdftex.def Info: imagenes/Cap 2/cnn.png  used on input line 98.
(pdftex.def)             Requested size: 341.43436pt x 342.37274pt.
 [13 <./imagenes/Cap 2/rnn.png>] [14 <./imagenes/Cap 2/cnn.png>]
<imagenes/Cap 2/tranformers.png, id=77, 938.50626pt x 407.5225pt>
File: imagenes/Cap 2/tranformers.png Graphic file (type png)
<use imagenes/Cap 2/tranformers.png>
Package pdftex.def Info: imagenes/Cap 2/tranformers.png  used on input line 118.
(pdftex.def)             Requested size: 341.43436pt x 148.25633pt.

Underfull \hbox (badness 10000) in paragraph at lines 125--129

 []

<imagenes/Cap 2/autoencoder.png, id=78, 941.5175pt x 455.7025pt>
File: imagenes/Cap 2/autoencoder.png Graphic file (type png)
<use imagenes/Cap 2/autoencoder.png>
Package pdftex.def Info: imagenes/Cap 2/autoencoder.png  used on input line 132.
(pdftex.def)             Requested size: 341.43436pt x 165.2557pt.
[15 <./imagenes/Cap 2/tranformers.png>] [16 <./imagenes/Cap 2/autoencoder.png>]
<imagenes/Cap 2/Arquitectura.png, id=87, 604.2575pt x 252.945pt>
File: imagenes/Cap 2/Arquitectura.png Graphic file (type png)
<use imagenes/Cap 2/Arquitectura.png>
Package pdftex.def Info: imagenes/Cap 2/Arquitectura.png  used on input line 187.
(pdftex.def)             Requested size: 426.79134pt x 178.65817pt.


LaTeX Warning: `h' float specifier changed to `ht'.

[17] [18 <./imagenes/Cap 2/Arquitectura.png>] [19]
Underfull \hbox (badness 10000) in paragraph at lines 219--223

 []

[20]) (./capitulo03.tex [21]
CAP\'ITULO 3.
[22

] [23]
<imagenes/cap3/4_Estructura del Proyecto.png, id=111, 297.36093pt x 288.3272pt>
File: imagenes/cap3/4_Estructura del Proyecto.png Graphic file (type png)
<use imagenes/cap3/4_Estructura del Proyecto.png>
Package pdftex.def Info: imagenes/cap3/4_Estructura del Proyecto.png  used on input line 43.
(pdftex.def)             Requested size: 426.79134pt x 413.84457pt.


LaTeX Warning: `h' float specifier changed to `ht'.

[24] [25 <./imagenes/cap3/4_Estructura del Proyecto.png (PNG copy)>] [26]
<imagenes/cap3/rasa_components.png, id=122, 711.65875pt x 175.65625pt>
File: imagenes/cap3/rasa_components.png Graphic file (type png)
<use imagenes/cap3/rasa_components.png>
Package pdftex.def Info: imagenes/cap3/rasa_components.png  used on input line 79.
(pdftex.def)             Requested size: 426.79134pt x 105.34094pt.


LaTeX Warning: `h' float specifier changed to `ht'.

[27]
<imagenes/cap3/tokenization.png, id=126, 715.67375pt x 217.81375pt>
File: imagenes/cap3/tokenization.png Graphic file (type png)
<use imagenes/cap3/tokenization.png>
Package pdftex.def Info: imagenes/cap3/tokenization.png  used on input line 92.
(pdftex.def)             Requested size: 426.79134pt x 129.89491pt.

Overfull \hbox (6.6564pt too wide) in paragraph at lines 98--103
\T1/phv/m/n/12 de-los de ML. Exis-ten dos ti-pos prin-ci-pa-les de ca-rac-te-rís-ti-cas, las Dis-per-sas(Sparse
 []

[28 <./imagenes/cap3/rasa_components.png> <./imagenes/cap3/tokenization.png>]

LaTeX Warning: No positions in optional float specifier.
               Default added (so using `tbp') on input line 104.

<imagenes/cap3/featurizers.png, id=132, 712.6625pt x 246.9225pt>
File: imagenes/cap3/featurizers.png Graphic file (type png)
<use imagenes/cap3/featurizers.png>
Package pdftex.def Info: imagenes/cap3/featurizers.png  used on input line 124.
(pdftex.def)             Requested size: 426.79134pt x 147.87204pt.

LaTeX Warning: No positions in optional float specifier.
               Default added (so using `tbp') on input line 136.

<imagenes/cap3/intent_classiffier.png, id=133, 713.66624pt x 313.17pt>
File: imagenes/cap3/intent_classiffier.png Graphic file (type png)
<use imagenes/cap3/intent_classiffier.png>
Package pdftex.def Info: imagenes/cap3/intent_classiffier.png  used on input line 155.
(pdftex.def)             Requested size: 426.79134pt x 187.28223pt.

LaTeX Warning: `h' float specifier changed to `ht'.

[29 <./imagenes/cap3/featurizers.png>]
<imagenes/cap3/regex_extractor.png, id=138, 717.68124pt x 585.18625pt>
File: imagenes/cap3/regex_extractor.png Graphic file (type png)
<use imagenes/cap3/regex_extractor.png>
Package pdftex.def Info: imagenes/cap3/regex_extractor.png  used on input line 187.
(pdftex.def)             Requested size: 426.79134pt x 348.00708pt.


LaTeX Warning: `h' float specifier changed to `ht'.

[30 <./imagenes/cap3/intent_classiffier.png>]
<imagenes/cap3/predicciones.png, id=143, 719.68875pt x 412.54124pt>
File: imagenes/cap3/predicciones.png Graphic file (type png)
<use imagenes/cap3/predicciones.png>
Package pdftex.def Info: imagenes/cap3/predicciones.png  used on input line 200.
(pdftex.def)             Requested size: 426.79134pt x 244.65619pt.


LaTeX Warning: `!h' float specifier changed to `!ht'.

[31 <./imagenes/cap3/regex_extractor.png>] [32 <./imagenes/cap3/predicciones.png>] [33] [34]
<imagenes/cap3/architecture_deploy.png, id=159, 1064.97874pt x 741.77126pt>
File: imagenes/cap3/architecture_deploy.png Graphic file (type png)
<use imagenes/cap3/architecture_deploy.png>
Package pdftex.def Info: imagenes/cap3/architecture_deploy.png  used on input line 255.
(pdftex.def)             Requested size: 426.79134pt x 297.25786pt.
 [35] [36 <./imagenes/cap3/architecture_deploy.png>]
Overfull \hbox (3.01927pt too wide) in paragraph at lines 275--277
[]\T1/phv/b/n/12 Servicio de even-tos(Event Ser-vi-ce): \T1/phv/m/n/12 Con-su-me da-tos del co-rre-dor de even-
 []

[37]) (./capitulo04.tex [38]
CAP\'ITULO 4.
) (./main.bbl [39

]
./main.bbl:39: Missing $ inserted.
<inserted text> 
                $
l.39 ...am.ac.uk/~pjh/sem1a5/pt1/pt1_history.html}
                                                  
I've inserted a begin-math/end-math symbol since I think
you left one out. Proceed, with fingers crossed.

./main.bbl:41: Missing $ inserted.
<inserted text> 
                $
l.41 
     
I've inserted a begin-math/end-math symbol since I think
you left one out. Proceed, with fingers crossed.

./main.bbl:41: Missing } inserted.
<inserted text> 
                }
l.41 
     
I've inserted something that you may have forgotten.
(See the <inserted text> above.)
With luck, this will get me unwedged. But if you
really didn't forget anything, try typing `2' now; then
my insertion and my current dilemma will both disappear.

./main.bbl:41: Extra }, or forgotten \endgroup.
\par ...m \@noitemerr {\@@par }\fi \else {\@@par }
                                                  \fi 
l.41 
     
I've deleted a group-closing symbol because it seems to be
spurious, as in `$x}$'. But perhaps the } is legitimate and
you forgot something else, as in `\hbox{$x}'. In such cases
the way to recover is to insert both the forgotten and the
deleted material, e.g., by typing `I$}'.

./main.bbl:45: Missing $ inserted.
<inserted text> 
                $
l.45 .../history/exhibits/701/701_translator.html}
                                                  
I've inserted a begin-math/end-math symbol since I think
you left one out. Proceed, with fingers crossed.

./main.bbl:47: Missing $ inserted.
<inserted text> 
                $
l.47 
     
I've inserted a begin-math/end-math symbol since I think
you left one out. Proceed, with fingers crossed.

./main.bbl:47: Missing } inserted.
<inserted text> 
                }
l.47 
     
I've inserted something that you may have forgotten.
(See the <inserted text> above.)
With luck, this will get me unwedged. But if you
really didn't forget anything, try typing `2' now; then
my insertion and my current dilemma will both disappear.

./main.bbl:47: Extra }, or forgotten \endgroup.
\par ...m \@noitemerr {\@@par }\fi \else {\@@par }
                                                  \fi 
l.47 
     
I've deleted a group-closing symbol because it seems to be
spurious, as in `$x}$'. But perhaps the } is legitimate and
you forgot something else, as in `\hbox{$x}'. In such cases
the way to recover is to insert both the forgotten and the
deleted material, e.g., by typing `I$}'.

[40

]
Underfull \hbox (badness 1931) in paragraph at lines 85--89
[]\T1/phv/m/n/12 Ibm watson as-si-sant | pri-cing. [En lí-nea]. Dis-po-ni-ble:
 []

./main.bbl:93: Misplaced alignment tab character &.
<argument> ...s.amazon.com/es/lex/features/?nc=sn&
                                                  loc=2
l.93 ...s.amazon.com/es/lex/features/?nc=sn&loc=2}
                                                   [Fecha de consulta:
I can't figure out why you would want to use a tab mark
here. If you just want an ampersand, the remedy is
simple: Just type `I\&' now. But if some right brace
up above has ended a previous alignment prematurely,
you're probably due for more error messages, and you
might try typing `S' now just to see what is salvageable.

[41]
./main.bbl:164: Misplaced alignment tab character &.
l.164 V.~Warmerdam, ``Intents &
                                entities: Understanding the rasa nlu pipelin...
I can't figure out why you would want to use a tab mark
here. If you just want an ampersand, the remedy is
simple: Just type `I\&' now. But if some right brace
up above has ended a previous alignment prematurely,
you're probably due for more error messages, and you
might try typing `S' now just to see what is salvageable.

./main.bbl:179: You can't use `macro parameter character #' in horizontal mode.
<argument> https://rasa.com/docs/rasa/policies/##
                                                 unexpected-intent-policy
l.179 .../rasa/policies/#unexpected-intent-policy}
                                                   [Fecha de
Sorry, but I'm not programmed to handle this case;
I'll just pretend that you didn't ask for it.
If you're in the wrong mode, you might be able to
return to the right one by typing `I}' or `I$' or `I\par'.


Underfull \hbox (badness 1147) in paragraph at lines 178--182
[]\T1/phv/m/n/12 Policies | unex-pec-ted in-tent po-licy. [En lí-nea]. Dis-po-ni-ble:
 []

./main.bbl:186: You can't use `macro parameter character #' in horizontal mode.
<argument> https://rasa.com/docs/rasa/policies/##
                                                 memoization-policy
l.186 ...m/docs/rasa/policies/#memoization-policy}
                                                   [Fecha de
Sorry, but I'm not programmed to handle this case;
I'll just pretend that you didn't ask for it.
If you're in the wrong mode, you might be able to
return to the right one by typing `I}' or `I$' or `I\par'.


Underfull \hbox (badness 3229) in paragraph at lines 185--189
[]\T1/phv/m/n/12 Policies | me-moi-za-tion po-licy. [En lí-nea]. Dis-po-ni-ble:
 []

./main.bbl:193: You can't use `macro parameter character #' in horizontal mode.
<argument> https://rasa.com/docs/rasa/policies/##
                                                 augmented-memoization-policy
l.193 ...a/policies/#augmented-memoization-policy}
                                                  
Sorry, but I'm not programmed to handle this case;
I'll just pretend that you didn't ask for it.
If you're in the wrong mode, you might be able to
return to the right one by typing `I}' or `I$' or `I\par'.

) (./anexo.tex [42] [43

]) [44

] (./main.aux
LaTeX Info: Redefining \. on input line 8.
LaTeX Info: Redefining \% on input line 8.
)

LaTeX Warning: There were multiply-defined labels.

 ) 
Here is how much of TeX's memory you used:
 6213 strings out of 480185
 104305 string characters out of 5894213
 419300 words of memory out of 5000000
 24051 multiletter control sequences out of 15000+600000
 499922 words of font info for 56 fonts, out of 8000000 for 9000
 40 hyphenation exceptions out of 8191
 70i,16n,77p,1133b,611s stack positions out of 5000i,500n,10000p,200000b,80000s
 </home/barti/.texlive2021/texmf-var/fonts/pk/ljfour/jknappen/ec/ectt1200.600pk>{/usr/share/texlive/texmf-dist/fonts/enc/dvips/base/8r.enc}</usr/share/texlive/texmf-dist/fonts/type1/public/amsfonts/cm/cmmi12.pfb></usr/share/texlive/texmf-dist/fonts/type1/public/amsfonts/cm/cmmi8.pfb></usr/share/texlive/texmf-dist/fonts/type1/urw/helvetic/uhvb8a.pfb></usr/share/texlive/texmf-dist/fonts/type1/urw/helvetic/uhvr8a.pfb></usr/share/texlive/texmf-dist/fonts/type1/urw/helvetic/uhvro8a.pfb>
Output written on main.pdf (49 pages, 1062551 bytes).
PDF statistics:
 248 PDF objects out of 1000 (max. 8388607)
 134 compressed objects within 2 object streams
 0 named destinations out of 1000 (max. 500000)
 76 words of extra memory for PDF output out of 10000 (max. 10000000)

